Started on Apr 3, 2019 12:34:13 PM
Using strategy: Default
[poll] Last Built Revision: Revision 4ee9df52ee3e5bb495ad2aedda9997fcaf309ca1 (origin/master)
 > git rev-parse --is-inside-work-tree # timeout=10
Fetching changes from the remote Git repositories
 > git config remote.origin.url /home/git_repos/simple-java-maven-app # timeout=10
Fetching upstream changes from /home/git_repos/simple-java-maven-app
 > git --version # timeout=10
 > git fetch --tags --progress /home/git_repos/simple-java-maven-app +refs/heads/*:refs/remotes/origin/*
Polling for changes in
Seen branch in repository origin/ls
Seen branch in repository origin/master
Seen 2 remote branches
 > git show-ref --tags -d # timeout=10
 > git log --full-history --no-abbrev --format=raw -M -m 4ee9df52ee3e5bb495ad2aedda9997fcaf309ca1..ba0320573f5c0a08405a4f2c4d45c21f9e51a5de # timeout=10
Using strategy: Default
[poll] Last Built Revision: Revision 4ee9df52ee3e5bb495ad2aedda9997fcaf309ca1 (origin/master)
 > git rev-parse --is-inside-work-tree # timeout=10
Fetching changes from the remote Git repositories
 > git config remote.origin.url /home/git_repos/simple-java-maven-app # timeout=10
Fetching upstream changes from /home/git_repos/simple-java-maven-app
 > git --version # timeout=10
 > git fetch --tags --progress /home/git_repos/simple-java-maven-app +refs/heads/*:refs/remotes/origin/*
Polling for changes in
Seen branch in repository origin/ls
Seen branch in repository origin/master
Seen 2 remote branches
 > git show-ref --tags -d # timeout=10
 > git log --full-history --no-abbrev --format=raw -M -m 4ee9df52ee3e5bb495ad2aedda9997fcaf309ca1..ba0320573f5c0a08405a4f2c4d45c21f9e51a5de # timeout=10
Done. Took 0.12 sec
Changes found
